<?xml version="1.0" encoding="UTF-8"?>
<!-- Generated by org.testng.reporters.JUnitXMLReporter -->
<testsuite ignored="1" hostname="EC2AMAZ-S11DBRH" failures="1" tests="1" name="ModuleOneTest(failed)" time="6.6" errors="0" timestamp="2023-08-17T06:15:17 GMT">
  <testcase classname="testScripts.GooglePageTest" name="searchSeleniumTest" time="3.688">
    <failure type="java.lang.AssertionError" message="expected [Selenium Tutorial - Google Search Duo] but found [Selenium Tutorial - Google Search]">
      <![CDATA[java.lang.AssertionError: expected [Selenium Tutorial - Google Search Duo] but found [Selenium Tutorial - Google Search]
at testScripts.GooglePageTest.searchSeleniumTest(GooglePageTest.java:45)
at java.base/java.util.ArrayList.forEach(ArrayList.java:1511)
... Removed 33 stack frames]]>
    </failure>
  </testcase> <!-- searchSeleniumTest -->
  <testcase classname="testScripts.GooglePageTest" name="searchJavaTest" time="0.0">
    <ignored/>
  </testcase> <!-- searchJavaTest -->
</testsuite> <!-- ModuleOneTest(failed) -->
