<?xml version="1.0" encoding="UTF-8"?>
<!-- Generated by org.testng.reporters.JUnitXMLReporter -->
<testsuite ignored="0" hostname="EC2AMAZ-S11DBRH" failures="0" tests="4" name="ModuleTwoTest" time="0.284" errors="0" timestamp="2023-08-18T05:51:32 GMT">
  <testcase classname="parallelScripts.SampleFourTest" name="testFour" time="0.021"/>
  <testcase classname="parallelScripts.SampleFourTest" name="testOne" time="0.006"/>
  <testcase classname="parallelScripts.SampleFourTest" name="testThree" time="0.095"/>
  <testcase classname="parallelScripts.SampleFourTest" name="testTwo" time="0.005"/>
</testsuite> <!-- ModuleTwoTest -->
