<?xml version="1.0" encoding="UTF-8"?>
<!-- Generated by org.testng.reporters.JUnitXMLReporter -->
<testsuite ignored="0" hostname="EC2AMAZ-S11DBRH" failures="0" tests="8" name="ModuleOneTest" time="0.251" errors="0" timestamp="2023-08-18T05:51:32 GMT">
  <testcase classname="parallelScripts.SampleTwoTest" name="testFour" time="0.027"/>
  <testcase classname="parallelScripts.SampleTwoTest" name="testOne" time="0.007"/>
  <testcase classname="parallelScripts.SampleTwoTest" name="testThree" time="0.006"/>
  <testcase classname="parallelScripts.SampleTwoTest" name="testTwo" time="0.009"/>
  <testcase classname="parallelScripts.SampleThreeTest" name="testFour" time="0.001"/>
  <testcase classname="parallelScripts.SampleThreeTest" name="testOne" time="0.008"/>
  <testcase classname="parallelScripts.SampleThreeTest" name="testThree" time="0.013"/>
  <testcase classname="parallelScripts.SampleThreeTest" name="testTwo" time="0.003"/>
</testsuite> <!-- ModuleOneTest -->
