<?xml version="1.0" encoding="UTF-8"?>
<testng-results ignored="3" total="8" passed="5" failed="0" skipped="0">
  <reporter-output>
  </reporter-output>
  <suite started-at="2023-08-17T07:40:45 GMT" name="SampleSuite" finished-at="2023-08-17T07:40:45 GMT" duration-ms="111">
    <groups>
    </groups>
    <test started-at="2023-08-17T07:40:45 GMT" name="ModuleOneTest" finished-at="2023-08-17T07:40:45 GMT" duration-ms="111">
      <class name="testScripts.SampleThreeTest">
        <test-method signature="testFour()[pri:0, instance:testScripts.SampleThreeTest@593aaf41]" started-at="2023-08-17T07:40:45 GMT" name="testFour" finished-at="2023-08-17T07:40:45 GMT" duration-ms="16" status="PASS">
          <reporter-output>
          </reporter-output>
        </test-method> <!-- testFour -->
        <test-method signature="testThree()[pri:0, instance:testScripts.SampleThreeTest@593aaf41]" started-at="2023-08-17T07:40:45 GMT" name="testThree" finished-at="2023-08-17T07:40:45 GMT" duration-ms="3" status="PASS">
          <reporter-output>
          </reporter-output>
        </test-method> <!-- testThree -->
        <test-method signature="testTwo()[pri:0, instance:testScripts.SampleThreeTest@593aaf41]" started-at="2023-08-17T07:40:45 GMT" name="testTwo" finished-at="2023-08-17T07:40:45 GMT" duration-ms="2" status="PASS">
          <reporter-output>
          </reporter-output>
        </test-method> <!-- testTwo -->
      </class> <!-- testScripts.SampleThreeTest -->
      <class name="testScripts.SampleFourTest">
        <test-method signature="testFour()[pri:0, instance:testScripts.SampleFourTest@1de5f259]" started-at="2023-08-17T07:40:45 GMT" name="testFour" finished-at="2023-08-17T07:40:45 GMT" duration-ms="2" status="PASS">
          <reporter-output>
          </reporter-output>
        </test-method> <!-- testFour -->
        <test-method signature="testThree()[pri:0, instance:testScripts.SampleFourTest@1de5f259]" started-at="2023-08-17T07:40:45 GMT" name="testThree" finished-at="2023-08-17T07:40:45 GMT" duration-ms="2" status="PASS">
          <reporter-output>
          </reporter-output>
        </test-method> <!-- testThree -->
      </class> <!-- testScripts.SampleFourTest -->
    </test> <!-- ModuleOneTest -->
  </suite> <!-- SampleSuite -->
</testng-results>
